<?xml version="1.0" encoding="UTF-8"?>
<!-- Generated by org.testng.reporters.JUnitReportReporter -->
<testsuite hostname="TYSS-Yogita" failures="0" tests="1" name="testCaseSample.TC_SampleTestCase_Test" time="7.902" errors="0" timestamp="2022-11-29T12:03:19 IST" skipped="0">
  <testcase classname="testCaseSample.TC_SampleTestCase_Test" name="sample" time="7.902"/>
  <system-out/>
</testsuite> <!-- testCaseSample.TC_SampleTestCase_Test -->
