<?xml version="1.0" encoding="UTF-8"?>
<!-- Generated by org.testng.reporters.JUnitReportReporter -->
<testsuite hostname="TYSS-Yogita" failures="0" tests="5" name="testDataSample.SampleDataProvider" time="37.201" errors="0" timestamp="2022-11-29T12:06:12 IST" skipped="0">
  <testcase classname="testDataSample.SampleDataProvider" name="registerUser" time="7.398"/>
  <system-out/>
  <testcase classname="testDataSample.SampleDataProvider" name="registerUser" time="8.045"/>
  <system-out/>
  <testcase classname="testDataSample.SampleDataProvider" name="registerUser" time="6.858"/>
  <system-out/>
  <testcase classname="testDataSample.SampleDataProvider" name="registerUser" time="6.660"/>
  <system-out/>
  <testcase classname="testDataSample.SampleDataProvider" name="registerUser" time="8.240"/>
  <system-out/>
</testsuite> <!-- testDataSample.SampleDataProvider -->
